library/build/outputs/logs/manifest-merger-release-report.txt
-- Merging decision tree log ---
manifest
ADDED from src/main/AndroidManifest.xml:16:1-26:12
INJECTED from src/main/AndroidManifest.xml:16:1-26:12
INJECTED from src/main/AndroidManifest.xml:16:1-26:12
INJECTED from src/main/AndroidManifest.xml:16:1-26:12
INJECTED from src/main/AndroidManifest.xml:16:1-26:12
INJECTED from src/main/AndroidManifest.xml:16:1-26:12
INJECTED from src/main/AndroidManifest.xml:16:1-26:12
	package
		ADDED from src/main/AndroidManifest.xml:17:5-51
		INJECTED from src/main/AndroidManifest.xml
		INJECTED from src/main/AndroidManifest.xml
	android:versionName
		ADDED from src/main/AndroidManifest.xml:19:5-30
		INJECTED from src/main/AndroidManifest.xml
		INJECTED from src/main/AndroidManifest.xml
	xmlns:android
		ADDED from src/main/AndroidManifest.xml:16:11-69
	android:versionCode
		ADDED from src/main/AndroidManifest.xml:18:5-28
		INJECTED from src/main/AndroidManifest.xml
		INJECTED from src/main/AndroidManifest.xml
uses-permission#com.android.vending.CHECK_LICENSE
ADDED from src/main/AndroidManifest.xml:25:5-73
	android:name
		ADDED from src/main/AndroidManifest.xml:25:22-70